[0m[[0m[0mdebug[0m] [0m[0m> Exec(early(addDefaultCommands), None, None)[0m
[0m[[0m[0mdebug[0m] [0m[0m> Exec(addDefaultCommands, None, None)[0m
[0m[[0m[0mdebug[0m] [0m[0m> Exec(early(initialize), None, None)[0m
[0m[[0m[0mdebug[0m] [0m[0m> Exec(initialize, None, None)[0m
[0m[[0m[0mdebug[0m] [0m[0m> Exec(boot, None, None)[0m
[0m[[0m[0mdebug[0m] [0m[0m> Exec(writeSbtVersion, None, None)[0m
[0m[[0m[0mdebug[0m] [0m[0m> Exec(reload, None, None)[0m
[0m[[0m[0mdebug[0m] [0m[0m> Exec(sbtStashOnFailure, None, None)[0m
[0m[[0m[0mdebug[0m] [0m[0m> Exec(onFailure loadFailed, None, None)[0m
[0m[[0m[0mdebug[0m] [0m[0m> Exec(loadp, None, None)[0m
[0m[[0m[0minfo[0m] [0m[0mwelcome to sbt 1.9.6 (Ubuntu Java 17.0.16)[0m
[0m[[0m[0mdebug[0m] [0m[0mLoad.defaultLoad until apply took 102.429959ms[0m
[0m[[0m[0mdebug[0m] [0m[0m          Load.loadUnit: plugins took 75.056285ms[0m
[0m[[0m[0mdebug[0m] [0m[0m          Load.loadUnit: defsScala took 0.332325ms[0m
[0m[[0m[0mdebug[0m] [0m[0m[Loading] Scanning directory /var/www/html/ai-project/play-angular-scala/project[0m
[0m[[0m[0mdebug[0m] [0m[0m            Load.loadUnit: mkEval took 5.510298ms[0m
[0m[[0m[0mdebug[0m] [0m[0m[Loading] Found non-root projects [0m
[0m[[0m[0mdebug[0m] [0m[0m[Loading] Done in /var/www/html/ai-project/play-angular-scala/project, returning: ()[0m
[0m[[0m[0mdebug[0m] [0m[0mdeducing auto plugins based on known facts Set(Atom(sbt.plugins.CorePlugin)) and clauses Clauses(Clause(Atom(sbt.plugins.JvmPlugin),Set(Atom(sbt.plugins.IvyPlugin)))[0m
[0m[[0m[0mdebug[0m] [0m[0mClause(Atom(sbt.ScriptedPlugin),Set(Atom(sbt.plugins.JvmPlugin)))[0m
[0m[[0m[0mdebug[0m] [0m[0mClause(Atom(sbt.plugins.SbtPlugin),Set(Atom(sbt.ScriptedPlugin)))[0m
[0m[[0m[0mdebug[0m] [0m[0mClause(Atom(sbt.plugins.SemanticdbPlugin),Set(Atom(sbt.plugins.JvmPlugin)))[0m
[0m[[0m[0mdebug[0m] [0m[0mClause(Atom(sbt.plugins.JUnitXmlReportPlugin),Set(Atom(sbt.plugins.JvmPlugin)))[0m
[0m[[0m[0mdebug[0m] [0m[0mClause(Atom(sbt.plugins.MiniDependencyTreePlugin),Set(Atom(sbt.plugins.JvmPlugin)))[0m
[0m[[0m[0mdebug[0m] [0m[0mClause(Atom(sbt.plugins.CorePlugin),Set(Atom(sbt.plugins.IvyPlugin)))[0m
[0m[[0m[0mdebug[0m] [0m[0mClause(Atom(sbt.plugins.IvyPlugin),Set(Atom(sbt.plugins.JvmPlugin)))[0m
[0m[[0m[0mdebug[0m] [0m[0mClause(Atom(sbt.plugins.JvmPlugin),Set(Atom(sbt.plugins.SemanticdbPlugin)))[0m
[0m[[0m[0mdebug[0m] [0m[0mClause(Atom(sbt.plugins.JvmPlugin),Set(Atom(sbt.plugins.JUnitXmlReportPlugin)))[0m
[0m[[0m[0mdebug[0m] [0m[0mClause(Atom(sbt.plugins.CorePlugin),Set(Atom(sbt.plugins.Giter8TemplatePlugin)))[0m
[0m[[0m[0mdebug[0m] [0m[0mClause(Atom(sbt.plugins.JvmPlugin),Set(Atom(sbt.plugins.MiniDependencyTreePlugin))))[0m
[0m[[0m[0mdebug[0m] [0m[0m  :: deduced result: Matched(sbt.plugins.CorePlugin,sbt.plugins.Giter8TemplatePlugin,sbt.plugins.IvyPlugin,sbt.plugins.JvmPlugin,sbt.plugins.MiniDependencyTreePlugin,sbt.plugins.JUnitXmlReportPlugin,sbt.plugins.SemanticdbPlugin)[0m
[0m[[0m[0mdebug[0m] [0m[0mPlugins.deducer#function took 20.63285 ms[0m
[0m[[0m[0minfo[0m] [0m[0mloading settings for project play-angular-scala-build from plugins.sbt ...[0m
[0m[[0m[0mdebug[0m] [0m[0m              Load.resolveProject(play-angular-scala-build) took 49.539218ms[0m
[0m[[0m[0mdebug[0m] [0m[0m            Load.loadTransitive: finalizeProject(Project(id play-angular-scala-build, base: /var/www/html/ai-project/play-angular-scala/project, plugins: List(<none>))) took 93.383295ms[0m
[0m[[0m[0mdebug[0m] [0m[0m[Loading] Done in /var/www/html/ai-project/play-angular-scala/project, returning: (play-angular-scala-build)[0m
[0m[[0m[0mdebug[0m] [0m[0m          Load.loadUnit: loadedProjectsRaw took 715.475266ms[0m
[0m[[0m[0mdebug[0m] [0m[0m          Load.loadUnit: cleanEvalClasses took 9.305726ms[0m
[0m[[0m[0mdebug[0m] [0m[0m        Load.loadUnit(file:/var/www/html/ai-project/play-angular-scala/project/, ...) took 806.684588ms[0m
[0m[[0m[0mdebug[0m] [0m[0m      Load.apply: load took 965.101741ms[0m
[0m[[0m[0mdebug[0m] [0m[0m      Load.apply: resolveProjects took 6.102494ms[0m
[0m[[0m[0mdebug[0m] [0m[0m      Load.apply: finalTransforms took 78.761971ms[0m
[0m[[0m[0mdebug[0m] [0m[0m      Load.apply: config.delegates took 8.923951ms[0m
[0m[[0m[0mdebug[0m] [0m[0m      Load.apply: Def.make(settings)... took 382.042696ms[0m
[0m[[0m[0mdebug[0m] [0m[0m      Load.apply: structureIndex took 122.140172ms[0m
[0m[[0m[0mdebug[0m] [0m[0m      Load.apply: mkStreams took 1.58446ms[0m
[0m[[0m[0minfo[0m] [0m[0mloading project definition from /var/www/html/ai-project/play-angular-scala/project[0m
[0m[[0m[0mdebug[0m] [0m[0mRunning task... Cancel: Signal, check cycles: false, forcegc: true[0m
[0m[[0m[0mdebug[0m] [0m[0m    Load.loadUnit: plugins took 2874.506252ms[0m
[0m[[0m[0mdebug[0m] [0m[0m    Load.loadUnit: defsScala took 0.006071ms[0m
[0m[[0m[0mdebug[0m] [0m[0m[Loading] Scanning directory /var/www/html/ai-project/play-angular-scala[0m
[0m[[0m[0mdebug[0m] [0m[0m      Load.loadUnit: mkEval took 0.276731ms[0m
[0m[[0m[0mdebug[0m] [0m[0m[Loading] Found root project root w/ remaining [0m
[0m[[0m[0mdebug[0m] [0m[0mdeducing auto plugins based on known facts Set(Atom(play.sbt.PlayScala), Atom(sbt.plugins.CorePlugin)) and clauses Clauses(Clause(Atom(sbt.plugins.JvmPlugin),Set(Atom(sbt.plugins.IvyPlugin)))[0m
[0m[[0m[0mdebug[0m] [0m[0mClause(Atom(sbt.ScriptedPlugin),Set(Atom(sbt.plugins.JvmPlugin)))[0m
[0m[[0m[0mdebug[0m] [0m[0mClause(Atom(sbt.plugins.SbtPlugin),Set(Atom(sbt.ScriptedPlugin)))[0m
[0m[[0m[0mdebug[0m] [0m[0mClause(Atom(sbt.plugins.SemanticdbPlugin),Set(Atom(sbt.plugins.JvmPlugin)))[0m
[0m[[0m[0mdebug[0m] [0m[0mClause(Atom(sbt.plugins.JUnitXmlReportPlugin),Set(Atom(sbt.plugins.JvmPlugin)))[0m
[0m[[0m[0mdebug[0m] [0m[0mClause(Atom(sbt.plugins.MiniDependencyTreePlugin),Set(Atom(sbt.plugins.JvmPlugin)))[0m
[0m[[0m[0mdebug[0m] [0m[0mClause(Atom(play.sbt.Play),Set(Atom(play.sbt.routes.RoutesCompiler)))[0m
[0m[[0m[0mdebug[0m] [0m[0mClause(Atom(play.sbt.Play),Set(Atom(com.typesafe.sbt.jse.SbtJsTask)))[0m
[0m[[0m[0mdebug[0m] [0m[0mClause(Atom(play.sbt.Play),Set(Atom(com.typesafe.sbt.packager.archetypes.JavaServerAppPackaging)))[0m
[0m[[0m[0mdebug[0m] [0m[0mClause(Atom(play.sbt.Play),Set(Atom(play.twirl.sbt.SbtTwirl)))[0m
[0m[[0m[0mdebug[0m] [0m[0mClause(Atom(play.sbt.PlayFilters),Set(Atom(play.sbt.PlayWeb)))[0m
[0m[[0m[0mdebug[0m] [0m[0mClause(Atom(play.sbt.PlayJava),Set(Atom(play.sbt.PlayWeb)))[0m
[0m[[0m[0mdebug[0m] [0m[0mClause(Atom(play.sbt.PlayLayoutPlugin),Set(Atom(play.sbt.PlayWeb)))[0m
[0m[[0m[0mdebug[0m] [0m[0mClause(Atom(play.sbt.PlayLogback),Set(Atom(play.sbt.PlayService)))[0m
[0m[[0m[0mdebug[0m] [0m[0mClause(Atom(play.sbt.PlayMinimalJava),Set(Atom(play.sbt.PlayWeb)))[0m
[0m[[0m[0mdebug[0m] [0m[0mClause(Atom(play.sbt.PlayNettyServer),Set(Atom(play.sbt.PlayService)))[0m
[0m[[0m[0mdebug[0m] [0m[0mClause(Atom(play.sbt.PlayPekkoHttp2Support),Set(Atom(play.sbt.PlayPekkoHttpServer)))[0m
[0m[[0m[0mdebug[0m] [0m[0mClause(Atom(play.sbt.PlayPekkoHttpServer),Set(Atom(play.sbt.PlayService)))[0m
[0m[[0m[0mdebug[0m] [0m[0mClause(Atom(play.sbt.PlayScala),Set(Atom(play.sbt.PlayWeb)))[0m
[0m[[0m[0mdebug[0m] [0m[0mClause(Atom(play.sbt.PlayService),Set(Atom(com.typesafe.sbt.packager.archetypes.JavaServerAppPackaging)))[0m
[0m[[0m[0mdebug[0m] [0m[0mClause(Atom(play.sbt.PlayWeb),Set(Atom(play.sbt.routes.RoutesCompiler)))[0m
[0m[[0m[0mdebug[0m] [0m[0mClause(Atom(play.sbt.PlayWeb),Set(Atom(com.typesafe.sbt.jse.SbtJsTask)))[0m
[0m[[0m[0mdebug[0m] [0m[0mClause(Atom(play.sbt.PlayWeb),Set(Atom(play.sbt.PlayService)))[0m
[0m[[0m[0mdebug[0m] [0m[0mClause(Atom(play.sbt.PlayWeb),Set(Atom(play.twirl.sbt.SbtTwirl)))[0m
[0m[[0m[0mdebug[0m] [0m[0mClause(Atom(play.sbt.routes.RoutesCompiler),Set(Atom(sbt.plugins.JvmPlugin)))[0m
[0m[[0m[0mdebug[0m] [0m[0mClause(Atom(giter8.ScaffoldPlugin),Set(Atom(sbt.plugins.JvmPlugin)))[0m
[0m[[0m[0mdebug[0m] [0m[0mClause(Atom(play.twirl.sbt.SbtTwirl),Set(Atom(sbt.plugins.JvmPlugin)))[0m
[0m[[0m[0mdebug[0m] [0m[0mClause(Atom(com.typesafe.sbt.SbtNativePackager),Set(Atom(sbt.plugins.JvmPlugin)))[0m
[0m[[0m[0mdebug[0m] [0m[0mClause(Atom(com.typesafe.sbt.packager.archetypes.JavaAppPackaging),Set(Atom(com.typesafe.sbt.packager.windows.WindowsPlugin)))[0m
[0m[[0m[0mdebug[0m] [0m[0mClause(Atom(com.typesafe.sbt.packager.archetypes.JavaAppPackaging),Set(Atom(com.typesafe.sbt.packager.docker.DockerPlugin)))[0m
[0m[[0m[0mdebug[0m] [0m[0mClause(Atom(com.typesafe.sbt.packager.archetypes.JavaAppPackaging),Set(Atom(com.typesafe.sbt.packager.debian.DebianPlugin)))[0m
[0m[[0m[0mdebug[0m] [0m[0mClause(Atom(com.typesafe.sbt.packager.archetypes.JavaAppPackaging),Set(Atom(com.typesafe.sbt.packager.rpm.RpmPlugin)))[0m
[0m[[0m[0mdebug[0m] [0m[0mClause(Atom(com.typesafe.sbt.packager.archetypes.JavaServerAppPackaging),Set(Atom(com.typesafe.sbt.packager.archetypes.JavaAppPackaging)))[0m
[0m[[0m[0mdebug[0m] [0m[0mClause(Atom(com.typesafe.sbt.packager.archetypes.jar.ClasspathJarPlugin),Set(Atom(com.typesafe.sbt.packager.archetypes.JavaAppPackaging)))[0m
[0m[[0m[0mdebug[0m] [0m[0mClause(Atom(com.typesafe.sbt.packager.archetypes.jar.LauncherJarPlugin),Set(Atom(com.typesafe.sbt.packager.archetypes.JavaAppPackaging)))[0m
[0m[[0m[0mdebug[0m] [0m[0mClause(Atom(com.typesafe.sbt.packager.archetypes.jlink.JlinkPlugin),Set(Atom(com.typesafe.sbt.packager.archetypes.JavaAppPackaging)))[0m
[0m[[0m[0mdebug[0m] [0m[0mClause(Atom(com.typesafe.sbt.packager.archetypes.scripts.AshScriptPlugin),Set(Atom(com.typesafe.sbt.packager.archetypes.JavaAppPackaging)))[0m
[0m[[0m[0mdebug[0m] [0m[0mClause(Atom(com.typesafe.sbt.packager.archetypes.scripts.AshScriptPlugin),Set(Atom(com.typesafe.sbt.packager.archetypes.scripts.BashStartScriptPlugin)))[0m
[0m[[0m[0mdebug[0m] [0m[0mClause(Atom(com.typesafe.sbt.packager.archetypes.scripts.BashStartScriptPlugin),Set(Atom(com.typesafe.sbt.packager.archetypes.JavaAppPackaging)))[0m
[0m[[0m[0mdebug[0m] [0m[0mClause(Atom(com.typesafe.sbt.packager.archetypes.scripts.BatStartScriptPlugin),Set(Atom(com.typesafe.sbt.packager.archetypes.JavaAppPackaging)))[0m
[0m[[0m[0mdebug[0m] [0m[0mClause(Atom(com.typesafe.sbt.packager.archetypes.systemloader.SystemVPlugin),Set(Atom(com.typesafe.sbt.packager.archetypes.systemloader.SystemloaderPlugin)))[0m
[0m[[0m[0mdebug[0m] [0m[0mClause(Atom(com.typesafe.sbt.packager.archetypes.systemloader.SystemdPlugin),Set(Atom(com.typesafe.sbt.packager.archetypes.systemloader.SystemloaderPlugin)))[0m
[0m[[0m[0mdebug[0m] [0m[0mClause(Atom(com.typesafe.sbt.packager.archetypes.systemloader.SystemloaderPlugin),Set(Atom(com.typesafe.sbt.packager.debian.DebianPlugin)))[0m
[0m[[0m[0mdebug[0m] [0m[0mClause(Atom(com.typesafe.sbt.packager.archetypes.systemloader.SystemloaderPlugin),Set(Atom(com.typesafe.sbt.packager.rpm.RpmPlugin)))[0m
[0m[[0m[0mdebug[0m] [0m[0mClause(Atom(com.typesafe.sbt.packager.archetypes.systemloader.UpstartPlugin),Set(Atom(com.typesafe.sbt.packager.archetypes.systemloader.SystemloaderPlugin)))[0m
[0m[[0m[0mdebug[0m] [0m[0mClause(Atom(com.typesafe.sbt.packager.debian.DebianDeployPlugin),Set(Atom(com.typesafe.sbt.packager.debian.DebianPlugin)))[0m
[0m[[0m[0mdebug[0m] [0m[0mClause(Atom(com.typesafe.sbt.packager.debian.DebianPlugin),Set(Atom(com.typesafe.sbt.packager.linux.LinuxPlugin)))[0m
[0m[[0m[0mdebug[0m] [0m[0mClause(Atom(com.typesafe.sbt.packager.debian.JDebPackaging),Set(Atom(com.typesafe.sbt.packager.debian.DebianPlugin)))[0m
[0m[[0m[0mdebug[0m] [0m[0mClause(Atom(com.typesafe.sbt.packager.docker.DockerPlugin),Set(Atom(com.typesafe.sbt.packager.universal.UniversalPlugin)))[0m
[0m[[0m[0mdebug[0m] [0m[0mClause(Atom(com.typesafe.sbt.packager.docker.DockerSpotifyClientPlugin),Set(Atom(com.typesafe.sbt.packager.docker.DockerPlugin)))[0m
[0m[[0m[0mdebug[0m] [0m[0mClause(Atom(com.typesafe.sbt.packager.graalvmnativeimage.GraalVMNativeImagePlugin),Set(Atom(com.typesafe.sbt.packager.archetypes.JavaAppPackaging)))[0m
[0m[[0m[0mdebug[0m] [0m[0mClause(Atom(com.typesafe.sbt.packager.jdkpackager.JDKPackagerDeployPlugin),Set(Atom(com.typesafe.sbt.packager.jdkpackager.JDKPackagerPlugin)))[0m
[0m[[0m[0mdebug[0m] [0m[0mClause(Atom(com.typesafe.sbt.packager.jdkpackager.JDKPackagerPlugin),Set(Atom(com.typesafe.sbt.packager.archetypes.JavaAppPackaging)))[0m
[0m[[0m[0mdebug[0m] [0m[0mClause(Atom(com.typesafe.sbt.packager.jdkpackager.JDKPackagerPlugin),Set(Atom(com.typesafe.sbt.packager.archetypes.jar.LauncherJarPlugin)))[0m
[0m[[0m[0mdebug[0m] [0m[0mClause(Atom(com.typesafe.sbt.packager.linux.LinuxPlugin),Set(Atom(com.typesafe.sbt.packager.universal.UniversalPlugin)))[0m
[0m[[0m[0mdebug[0m] [0m[0mClause(Atom(com.typesafe.sbt.packager.rpm.RpmDeployPlugin),Set(Atom(com.typesafe.sbt.packager.rpm.RpmPlugin)))[0m
[0m[[0m[0mdebug[0m] [0m[0mClause(Atom(com.typesafe.sbt.packager.rpm.RpmPlugin),Set(Atom(com.typesafe.sbt.packager.linux.LinuxPlugin)))[0m
[0m[[0m[0mdebug[0m] [0m[0mClause(Atom(com.typesafe.sbt.packager.universal.UniversalDeployPlugin),Set(Atom(com.typesafe.sbt.packager.universal.UniversalPlugin)))[0m
[0m[[0m[0mdebug[0m] [0m[0mClause(Atom(com.typesafe.sbt.packager.universal.UniversalPlugin),Set(Atom(com.typesafe.sbt.SbtNativePackager)))[0m
[0m[[0m[0mdebug[0m] [0m[0mClause(Atom(com.typesafe.sbt.packager.windows.WindowsDeployPlugin),Set(Atom(com.typesafe.sbt.packager.windows.WindowsPlugin)))[0m
[0m[[0m[0mdebug[0m] [0m[0mClause(Atom(com.typesafe.sbt.packager.windows.WindowsPlugin),Set(Atom(com.typesafe.sbt.packager.universal.UniversalPlugin)))[0m
[0m[[0m[0mdebug[0m] [0m[0mClause(Atom(com.typesafe.sbt.web.SbtWeb),Set(Atom(sbt.plugins.JvmPlugin)))[0m
[0m[[0m[0mdebug[0m] [0m[0mClause(Atom(com.typesafe.sbt.jse.SbtJsEngine),Set(Atom(com.typesafe.sbt.web.SbtWeb)))[0m
[0m[[0m[0mdebug[0m] [0m[0mClause(Atom(com.typesafe.sbt.jse.SbtJsTask),Set(Atom(com.typesafe.sbt.jse.SbtJsEngine)))[0m
[0m[[0m[0mdebug[0m] [0m[0mClause(Atom(sbt.plugins.CorePlugin),Set(Atom(sbt.plugins.IvyPlugin)))[0m
[0m[[0m[0mdebug[0m] [0m[0mClause(Atom(sbt.plugins.IvyPlugin),Set(Atom(sbt.plugins.JvmPlugin)))[0m
[0m[[0m[0mdebug[0m] [0m[0mClause(Atom(sbt.plugins.JvmPlugin),Set(Atom(sbt.plugins.SemanticdbPlugin)))[0m
[0m[[0m[0mdebug[0m] [0m[0mClause(Atom(sbt.plugins.JvmPlugin),Set(Atom(sbt.plugins.JUnitXmlReportPlugin)))[0m
[0m[[0m[0mdebug[0m] [0m[0mClause(Atom(sbt.plugins.CorePlugin),Set(Atom(sbt.plugins.Giter8TemplatePlugin)))[0m
[0m[[0m[0mdebug[0m] [0m[0mClause(Atom(sbt.plugins.JvmPlugin),Set(Atom(sbt.plugins.MiniDependencyTreePlugin)))[0m
[0m[[0m[0mdebug[0m] [0m[0mClause(Atom(play.sbt.PlayWeb),Set(Atom(play.sbt.PlayFilters)))[0m
[0m[[0m[0mdebug[0m] [0m[0mClause(Atom(play.sbt.PlayWeb),Set(Atom(play.sbt.PlayLayoutPlugin)))[0m
[0m[[0m[0mdebug[0m] [0m[0mClause(Atom(play.sbt.PlayService),Set(Atom(play.sbt.PlayLogback)))[0m
[0m[[0m[0mdebug[0m] [0m[0mClause(Atom(play.sbt.PlayService),Set(Atom(play.sbt.PlayPekkoHttpServer)))[0m
[0m[[0m[0mdebug[0m] [0m[0mClause(Atom(sbt.plugins.JvmPlugin),Set(Atom(giter8.ScaffoldPlugin)))[0m
[0m[[0m[0mdebug[0m] [0m[0mClause(Atom(com.typesafe.sbt.packager.archetypes.JavaAppPackaging),Set(Atom(com.typesafe.sbt.packager.archetypes.scripts.BashStartScriptPlugin)))[0m
[0m[[0m[0mdebug[0m] [0m[0mClause(Atom(com.typesafe.sbt.packager.archetypes.JavaAppPackaging),Set(Atom(com.typesafe.sbt.packager.archetypes.scripts.BatStartScriptPlugin)))[0m
[0m[[0m[0mdebug[0m] [0m[0mClause(Atom(com.typesafe.sbt.web.SbtWeb),Set(Atom(com.typesafe.sbt.jse.SbtJsEngine)))[0m
[0m[[0m[0mdebug[0m] [0m[0mClause(Atom(com.typesafe.sbt.jse.SbtJsEngine),Set(Atom(com.typesafe.sbt.jse.SbtJsTask))))[0m
[0m[[0m[0mdebug[0m] [0m[0m  :: deduced result: Matched(sbt.plugins.CorePlugin,play.sbt.PlayScala,sbt.plugins.Giter8TemplatePlugin,sbt.plugins.IvyPlugin,play.sbt.PlayWeb,play.twirl.sbt.SbtTwirl,sbt.plugins.JvmPlugin,play.sbt.PlayService,play.sbt.PlayFilters,play.sbt.PlayLayoutPlugin,play.sbt.routes.RoutesCompiler,com.typesafe.sbt.jse.SbtJsTask,com.typesafe.sbt.packager.archetypes.JavaServerAppPackaging,play.sbt.PlayPekkoHttpServer,sbt.plugins.SemanticdbPlugin,sbt.plugins.JUnitXmlReportPlugin,play.sbt.PlayLogback,giter8.ScaffoldPlugin,sbt.plugins.MiniDependencyTreePlugin,com.typesafe.sbt.jse.SbtJsEngine,com.typesafe.sbt.web.SbtWeb,com.typesafe.sbt.packager.archetypes.JavaAppPackaging,com.typesafe.sbt.packager.rpm.RpmPlugin,com.typesafe.sbt.packager.archetypes.scripts.BashStartScriptPlugin,com.typesafe.sbt.packager.windows.WindowsPlugin,com.typesafe.sbt.packager.archetypes.scripts.BatStartScriptPlugin,com.typesafe.sbt.packager.docker.DockerPlugin,com.typesafe.sbt.packager.debian.DebianPlugin,com.typesafe.sbt.packager.universal.UniversalPlugin,com.typesafe.sbt.packager.linux.LinuxPlugin,com.typesafe.sbt.SbtNativePackager)[0m
[0m[[0m[0mdebug[0m] [0m[0mPlugins.deducer#function took 12.668064 ms[0m
[0m[[0m[0minfo[0m] [0m[0mloading settings for project root from build.sbt ...[0m
[0m[[0m[0mdebug[0m] [0m[0m        Load.resolveProject(root) took 127.70644ms[0m
[0m[[0m[0mdebug[0m] [0m[0m      Load.loadTransitive: finalizeProject(Project(id root, base: /var/www/html/ai-project/play-angular-scala, plugins: List(play.sbt.PlayScala))) took 143.780321ms[0m
[0m[[0m[0mdebug[0m] [0m[0m[Loading] Done in /var/www/html/ai-project/play-angular-scala, returning: (root)[0m
[0m[[0m[0mdebug[0m] [0m[0m    Load.loadUnit: loadedProjectsRaw took 218.626608ms[0m
[0m[[0m[0mdebug[0m] [0m[0m    Load.loadUnit: cleanEvalClasses took 3.070157ms[0m
[0m[[0m[0mdebug[0m] [0m[0m  Load.loadUnit(file:/var/www/html/ai-project/play-angular-scala/, ...) took 3098.200249ms[0m
[0m[[0m[0mdebug[0m] [0m[0mLoad.apply: load took 3119.393014ms[0m
[0m[[0m[0mdebug[0m] [0m[0mLoad.apply: resolveProjects took 0.261313ms[0m
[0m[[0m[0mdebug[0m] [0m[0mLoad.apply: finalTransforms took 35.996851ms[0m
[0m[[0m[0mdebug[0m] [0m[0mLoad.apply: config.delegates took 1.306716ms[0m
[0m[[0m[0mdebug[0m] [0m[0mLoad.apply: Def.make(settings)... took 118.209231ms[0m
[0m[[0m[0mdebug[0m] [0m[0mLoad.apply: structureIndex took 59.446614ms[0m
[0m[[0m[0mdebug[0m] [0m[0mLoad.apply: mkStreams took 0.004127ms[0m
[0m[[0m[0minfo[0m] [0m[0m[32m  __              __[0m[0m
[0m[[0m[0minfo[0m] [0m[0m[32m  \ \     ____   / /____ _ __  __[0m[0m
[0m[[0m[0minfo[0m] [0m[0m[32m   \ \   / __ \ / // __ `// / / /[0m[0m
[0m[[0m[0minfo[0m] [0m[0m[32m   / /  / /_/ // // /_/ // /_/ /[0m[0m
[0m[[0m[0minfo[0m] [0m[0m[32m  /_/  / .___//_/ \__,_/ \__, /[0m[0m
[0m[[0m[0minfo[0m] [0m[0m[32m      /_/               /____/[0m[0m
[0m[[0m[0minfo[0m] [0m[0m[0m
[0m[[0m[0minfo[0m] [0m[0mVersion 3.0.0 running Java 17.0.16[0m
[0m[[0m[0minfo[0m] [0m[0m[0m
[0m[[0m[0minfo[0m] [0m[0m[1mPlay is run entirely by the community. Please consider contributing and/or donating:[0m[0m
[0m[[0m[0minfo[0m] [0m[0mhttps://www.playframework.com/sponsors[0m
[0m[[0m[0minfo[0m] [0m[0m[0m
[0m[[0m[0mdebug[0m] [0m[0m> Exec(sbtPopOnFailure, None, None)[0m
[0m[[0m[0mdebug[0m] [0m[0m> Exec(resumeFromFailure, None, None)[0m
[0m[[0m[0mdebug[0m] [0m[0m> Exec(notifyUsersAboutShell, None, None)[0m
[0m[[0m[0mdebug[0m] [0m[0m> Exec(iflast shell, None, None)[0m
[0m[[0m[0mdebug[0m] [0m[0m> Exec(run, None, None)[0m
[0m[[0m[0mdebug[0m] [0m[0mEvaluating tasks: Compile / run[0m
[0m[[0m[0mdebug[0m] [0m[0mRunning task... Cancel: Signal, check cycles: false, forcegc: true[0m
[0m[[0m[0mdebug[0m] [0m[0mRunning task... Cancel: Signal, check cycles: false, forcegc: true[0m
[0m[[0m[0minfo[0m] [0m[0mcompiling 30 Scala sources and 1 Java source to /var/www/html/ai-project/play-angular-scala/target/scala-2.13/classes ...[0m
[0m[[0m[31merror[0m] [0m[0m/var/www/html/ai-project/play-angular-scala/app/controllers/CategoryController.scala:26:21: No Json serializer found for type Seq[models.dto.CategoryResponse]. Try to implement an implicit Writes or Format for this type.[0m
[0m[[0m[31merror[0m] [0m[0m      Ok(Json.toJson(categories))[0m
[0m[[0m[31merror[0m] [0m[0m                    ^[0m
[0m[[0m[31merror[0m] [0m[0m/var/www/html/ai-project/play-angular-scala/app/controllers/CategoryController.scala:32:44: No Json serializer found for type models.dto.CategoryResponse. Try to implement an implicit Writes or Format for this type.[0m
[0m[[0m[31merror[0m] [0m[0m      case Some(category) => Ok(Json.toJson(category))[0m
[0m[[0m[31merror[0m] [0m[0m                                           ^[0m
[0m[[0m[31merror[0m] [0m[0m/var/www/html/ai-project/play-angular-scala/app/controllers/CategoryController.scala:42:21: No Json serializer found for type Seq[models.dto.CategoryResponse]. Try to implement an implicit Writes or Format for this type.[0m
[0m[[0m[31merror[0m] [0m[0m      Ok(Json.toJson(categories))[0m
[0m[[0m[31merror[0m] [0m[0m                    ^[0m
[0m[[0m[31merror[0m] [0m[0m/var/www/html/ai-project/play-angular-scala/app/controllers/CategoryController.scala:53:26: No Json deserializer found for type models.dto.CategoryCreateRequest. Try to implement an implicit Reads or Format for this type.[0m
[0m[[0m[31merror[0m] [0m[0m    request.body.validate[CategoryCreateRequest] match {[0m
[0m[[0m[31merror[0m] [0m[0m                         ^[0m
[0m[[0m[31merror[0m] [0m[0m/var/www/html/ai-project/play-angular-scala/app/controllers/CategoryController.scala:55:32: type mismatch;[0m
[0m[[0m[31merror[0m] [0m[0m found   : Any[0m
[0m[[0m[31merror[0m] [0m[0m required: models.dto.CategoryCreateRequest[0m
[0m[[0m[31merror[0m] [0m[0m        categoryService.create(createRequest).map {[0m
[0m[[0m[31merror[0m] [0m[0m                               ^[0m
[0m[[0m[31merror[0m] [0m[0m/var/www/html/ai-project/play-angular-scala/app/controllers/CategoryController.scala:56:54: diverging implicit expansion for type play.api.libs.json.Writes[Any][0m
[0m[[0m[31merror[0m] [0m[0mstarting with method Tuple22W in trait GeneratedWrites[0m
[0m[[0m[31merror[0m] [0m[0m          case Right(category) => Created(Json.toJson(category))[0m
[0m[[0m[31merror[0m] [0m[0m                                                     ^[0m
[0m[[0m[31merror[0m] [0m[0m/var/www/html/ai-project/play-angular-scala/app/controllers/CategoryController.scala:57:62: diverging implicit expansion for type play.api.libs.json.Writes[T1][0m
[0m[[0m[31merror[0m] [0m[0mstarting with method Tuple22W in trait GeneratedWrites[0m
[0m[[0m[31merror[0m] [0m[0m          case Left(error) => BadRequest(Json.obj("error" -> error))[0m
[0m[[0m[31merror[0m] [0m[0m                                                             ^[0m
[0m[[0m[31merror[0m] [0m[0m/var/www/html/ai-project/play-angular-scala/app/controllers/CategoryController.scala:65:26: No Json deserializer found for type models.dto.CategoryUpdateRequest. Try to implement an implicit Reads or Format for this type.[0m
[0m[[0m[31merror[0m] [0m[0m    request.body.validate[CategoryUpdateRequest] match {[0m
[0m[[0m[31merror[0m] [0m[0m                         ^[0m
[0m[[0m[31merror[0m] [0m[0m/var/www/html/ai-project/play-angular-scala/app/controllers/CategoryController.scala:67:36: type mismatch;[0m
[0m[[0m[31merror[0m] [0m[0m found   : Any[0m
[0m[[0m[31merror[0m] [0m[0m required: models.dto.CategoryUpdateRequest[0m
[0m[[0m[31merror[0m] [0m[0m        categoryService.update(id, updateRequest).map {[0m
[0m[[0m[31merror[0m] [0m[0m                                   ^[0m
[0m[[0m[31merror[0m] [0m[0m/var/www/html/ai-project/play-angular-scala/app/controllers/CategoryController.scala:68:49: diverging implicit expansion for type play.api.libs.json.Writes[Any][0m
[0m[[0m[31merror[0m] [0m[0mstarting with method Tuple22W in trait GeneratedWrites[0m
[0m[[0m[31merror[0m] [0m[0m          case Right(category) => Ok(Json.toJson(category))[0m
[0m[[0m[31merror[0m] [0m[0m                                                ^[0m
[0m[[0m[31merror[0m] [0m[0m/var/www/html/ai-project/play-angular-scala/app/controllers/CategoryController.scala:70:77: diverging implicit expansion for type play.api.libs.json.Writes[T1][0m
[0m[[0m[31merror[0m] [0m[0mstarting with method Tuple22W in trait GeneratedWrites[0m
[0m[[0m[31merror[0m] [0m[0m            if (error == "Category not found") NotFound(Json.obj("error" -> error))[0m
[0m[[0m[31merror[0m] [0m[0m                                                                            ^[0m
[0m[[0m[31merror[0m] [0m[0m/var/www/html/ai-project/play-angular-scala/app/controllers/CategoryController.scala:71:49: diverging implicit expansion for type play.api.libs.json.Writes[T1][0m
[0m[[0m[31merror[0m] [0m[0mstarting with method Tuple22W in trait GeneratedWrites[0m
[0m[[0m[31merror[0m] [0m[0m            else BadRequest(Json.obj("error" -> error))[0m
[0m[[0m[31merror[0m] [0m[0m                                                ^[0m
[0m[[0m[31merror[0m] [0m[0m/var/www/html/ai-project/play-angular-scala/app/controllers/ProductController.scala:28:23: No Json serializer found for type Seq[models.dto.ProductWithDetailsResponse]. Try to implement an implicit Writes or Format for this type.[0m
[0m[[0m[31merror[0m] [0m[0m        Ok(Json.toJson(products))[0m
[0m[[0m[31merror[0m] [0m[0m                      ^[0m
[0m[[0m[31merror[0m] [0m[0m/var/www/html/ai-project/play-angular-scala/app/controllers/ProductController.scala:42:45: No Json serializer found for type models.dto.ProductWithDetailsResponse. Try to implement an implicit Writes or Format for this type.[0m
[0m[[0m[31merror[0m] [0m[0m        case Some(product) => Ok(Json.toJson(product))[0m
[0m[[0m[31merror[0m] [0m[0m                                            ^[0m
[0m[[0m[31merror[0m] [0m[0m/var/www/html/ai-project/play-angular-scala/app/controllers/ProductController.scala:58:21: No Json serializer found for type Seq[models.dto.ProductResponse]. Try to implement an implicit Writes or Format for this type.[0m
[0m[[0m[31merror[0m] [0m[0m      Ok(Json.toJson(products))[0m
[0m[[0m[31merror[0m] [0m[0m                    ^[0m
[0m[[0m[31merror[0m] [0m[0m/var/www/html/ai-project/play-angular-scala/app/controllers/ProductController.scala:67:21: No Json serializer found for type Seq[models.dto.ProductResponse]. Try to implement an implicit Writes or Format for this type.[0m
[0m[[0m[31merror[0m] [0m[0m      Ok(Json.toJson(products))[0m
[0m[[0m[31merror[0m] [0m[0m                    ^[0m
[0m[[0m[31merror[0m] [0m[0m/var/www/html/ai-project/play-angular-scala/app/controllers/ProductController.scala:76:21: No Json serializer found for type Seq[models.dto.ProductWithDetailsResponse]. Try to implement an implicit Writes or Format for this type.[0m
[0m[[0m[31merror[0m] [0m[0m      Ok(Json.toJson(products))[0m
[0m[[0m[31merror[0m] [0m[0m                    ^[0m
[0m[[0m[31merror[0m] [0m[0m/var/www/html/ai-project/play-angular-scala/app/controllers/ProductController.scala:88:23: No Json serializer found for type Seq[models.dto.ProductResponse]. Try to implement an implicit Writes or Format for this type.[0m
[0m[[0m[31merror[0m] [0m[0m        Ok(Json.toJson(products))[0m
[0m[[0m[31merror[0m] [0m[0m                      ^[0m
[0m[[0m[31merror[0m] [0m[0m/var/www/html/ai-project/play-angular-scala/app/controllers/ProductController.scala:100:26: No Json deserializer found for type models.dto.ProductCreateRequest. Try to implement an implicit Reads or Format for this type.[0m
[0m[[0m[31merror[0m] [0m[0m    request.body.validate[ProductCreateRequest] match {[0m
[0m[[0m[31merror[0m] [0m[0m                         ^[0m
[0m[[0m[31merror[0m] [0m[0m/var/www/html/ai-project/play-angular-scala/app/controllers/ProductController.scala:102:31: type mismatch;[0m
[0m[[0m[31merror[0m] [0m[0m found   : Any[0m
[0m[[0m[31merror[0m] [0m[0m required: models.dto.ProductCreateRequest[0m
[0m[[0m[31merror[0m] [0m[0m        productService.create(createRequest).map {[0m
[0m[[0m[31merror[0m] [0m[0m                              ^[0m
[0m[[0m[31merror[0m] [0m[0m/var/www/html/ai-project/play-angular-scala/app/controllers/ProductController.scala:103:53: diverging implicit expansion for type play.api.libs.json.Writes[Any][0m
[0m[[0m[31merror[0m] [0m[0mstarting with method Tuple22W in trait GeneratedWrites[0m
[0m[[0m[31merror[0m] [0m[0m          case Right(product) => Created(Json.toJson(product))[0m
[0m[[0m[31merror[0m] [0m[0m                                                    ^[0m
[0m[[0m[31merror[0m] [0m[0m/var/www/html/ai-project/play-angular-scala/app/controllers/ProductController.scala:104:62: diverging implicit expansion for type play.api.libs.json.Writes[T1][0m
[0m[[0m[31merror[0m] [0m[0mstarting with method Tuple22W in trait GeneratedWrites[0m
[0m[[0m[31merror[0m] [0m[0m          case Left(error) => BadRequest(Json.obj("error" -> error))[0m
[0m[[0m[31merror[0m] [0m[0m                                                             ^[0m
[0m[[0m[31merror[0m] [0m[0m/var/www/html/ai-project/play-angular-scala/app/controllers/ProductController.scala:112:26: No Json deserializer found for type models.dto.ProductUpdateRequest. Try to implement an implicit Reads or Format for this type.[0m
[0m[[0m[31merror[0m] [0m[0m    request.body.validate[ProductUpdateRequest] match {[0m
[0m[[0m[31merror[0m] [0m[0m                         ^[0m
[0m[[0m[31merror[0m] [0m[0m/var/www/html/ai-project/play-angular-scala/app/controllers/ProductController.scala:114:35: type mismatch;[0m
[0m[[0m[31merror[0m] [0m[0m found   : Any[0m
[0m[[0m[31merror[0m] [0m[0m required: models.dto.ProductUpdateRequest[0m
[0m[[0m[31merror[0m] [0m[0m        productService.update(id, updateRequest).map {[0m
[0m[[0m[31merror[0m] [0m[0m                                  ^[0m
[0m[[0m[31merror[0m] [0m[0m/var/www/html/ai-project/play-angular-scala/app/controllers/ProductController.scala:115:48: diverging implicit expansion for type play.api.libs.json.Writes[Any][0m
[0m[[0m[31merror[0m] [0m[0mstarting with method Tuple22W in trait GeneratedWrites[0m
[0m[[0m[31merror[0m] [0m[0m          case Right(product) => Ok(Json.toJson(product))[0m
[0m[[0m[31merror[0m] [0m[0m                                               ^[0m
[0m[[0m[31merror[0m] [0m[0m/var/www/html/ai-project/play-angular-scala/app/controllers/ProductController.scala:117:76: diverging implicit expansion for type play.api.libs.json.Writes[T1][0m
[0m[[0m[31merror[0m] [0m[0mstarting with method Tuple22W in trait GeneratedWrites[0m
[0m[[0m[31merror[0m] [0m[0m            if (error == "Product not found") NotFound(Json.obj("error" -> error))[0m
[0m[[0m[31merror[0m] [0m[0m                                                                           ^[0m
[0m[[0m[31merror[0m] [0m[0m/var/www/html/ai-project/play-angular-scala/app/controllers/ProductController.scala:118:49: diverging implicit expansion for type play.api.libs.json.Writes[T1][0m
[0m[[0m[31merror[0m] [0m[0mstarting with method Tuple22W in trait GeneratedWrites[0m
[0m[[0m[31merror[0m] [0m[0m            else BadRequest(Json.obj("error" -> error))[0m
[0m[[0m[31merror[0m] [0m[0m                                                ^[0m
[0m[[0m[31merror[0m] [0m[0m/var/www/html/ai-project/play-angular-scala/app/controllers/StockController.scala:25:21: No Json serializer found for type Seq[models.dto.StockResponse]. Try to implement an implicit Writes or Format for this type.[0m
[0m[[0m[31merror[0m] [0m[0m      Ok(Json.toJson(stocks))[0m
[0m[[0m[31merror[0m] [0m[0m                    ^[0m
[0m[[0m[31merror[0m] [0m[0m/var/www/html/ai-project/play-angular-scala/app/controllers/StockController.scala:31:41: No Json serializer found for type models.dto.StockResponse. Try to implement an implicit Writes or Format for this type.[0m
[0m[[0m[31merror[0m] [0m[0m      case Some(stock) => Ok(Json.toJson(stock))[0m
[0m[[0m[31merror[0m] [0m[0m                                        ^[0m
[0m[[0m[31merror[0m] [0m[0m/var/www/html/ai-project/play-angular-scala/app/controllers/StockController.scala:38:41: No Json serializer found for type models.dto.StockResponse. Try to implement an implicit Writes or Format for this type.[0m
[0m[[0m[31merror[0m] [0m[0m      case Some(stock) => Ok(Json.toJson(stock))[0m
[0m[[0m[31merror[0m] [0m[0m                                        ^[0m
[0m[[0m[31merror[0m] [0m[0m/var/www/html/ai-project/play-angular-scala/app/controllers/StockController.scala:45:21: No Json serializer found for type Seq[models.dto.LowStockAlert]. Try to implement an implicit Writes or Format for this type.[0m
[0m[[0m[31merror[0m] [0m[0m      Ok(Json.toJson(alerts))[0m
[0m[[0m[31merror[0m] [0m[0m                    ^[0m
[0m[[0m[31merror[0m] [0m[0m/var/www/html/ai-project/play-angular-scala/app/controllers/StockController.scala:57:21: diverging implicit expansion for type play.api.libs.json.Writes[T1][0m
[0m[[0m[31merror[0m] [0m[0mstarting with method Tuple22W in trait GeneratedWrites[0m
[0m[[0m[31merror[0m] [0m[0m      Ok(Json.toJson(report))[0m
[0m[[0m[31merror[0m] [0m[0m                    ^[0m
[0m[[0m[31merror[0m] [0m[0m/var/www/html/ai-project/play-angular-scala/app/controllers/StockController.scala:68:26: No Json deserializer found for type models.dto.StockUpdateRequest. Try to implement an implicit Reads or Format for this type.[0m
[0m[[0m[31merror[0m] [0m[0m    request.body.validate[StockUpdateRequest] match {[0m
[0m[[0m[31merror[0m] [0m[0m                         ^[0m
[0m[[0m[31merror[0m] [0m[0m/var/www/html/ai-project/play-angular-scala/app/controllers/StockController.scala:70:45: type mismatch;[0m
[0m[[0m[31merror[0m] [0m[0m found   : Any[0m
[0m[[0m[31merror[0m] [0m[0m required: models.dto.StockUpdateRequest[0m
[0m[[0m[31merror[0m] [0m[0m        stockService.updateStock(productId, updateRequest).map {[0m
[0m[[0m[31merror[0m] [0m[0m                                            ^[0m
[0m[[0m[31merror[0m] [0m[0m/var/www/html/ai-project/play-angular-scala/app/controllers/StockController.scala:71:46: diverging implicit expansion for type play.api.libs.json.Writes[Any][0m
[0m[[0m[31merror[0m] [0m[0mstarting with method Tuple22W in trait GeneratedWrites[0m
[0m[[0m[31merror[0m] [0m[0m          case Right(stock) => Ok(Json.toJson(stock))[0m
[0m[[0m[31merror[0m] [0m[0m                                             ^[0m
[0m[[0m[31merror[0m] [0m[0m/var/www/html/ai-project/play-angular-scala/app/controllers/StockController.scala:73:76: diverging implicit expansion for type play.api.libs.json.Writes[T1][0m
[0m[[0m[31merror[0m] [0m[0mstarting with method Tuple22W in trait GeneratedWrites[0m
[0m[[0m[31merror[0m] [0m[0m            if (error == "Product not found") NotFound(Json.obj("error" -> error))[0m
[0m[[0m[31merror[0m] [0m[0m                                                                           ^[0m
[0m[[0m[31merror[0m] [0m[0m/var/www/html/ai-project/play-angular-scala/app/controllers/StockController.scala:74:49: diverging implicit expansion for type play.api.libs.json.Writes[T1][0m
[0m[[0m[31merror[0m] [0m[0mstarting with method Tuple22W in trait GeneratedWrites[0m
[0m[[0m[31merror[0m] [0m[0m            else BadRequest(Json.obj("error" -> error))[0m
[0m[[0m[31merror[0m] [0m[0m                                                ^[0m
[0m[[0m[31merror[0m] [0m[0m/var/www/html/ai-project/play-angular-scala/app/controllers/SupplierController.scala:25:21: No Json serializer found for type Seq[models.dto.SupplierResponse]. Try to implement an implicit Writes or Format for this type.[0m
[0m[[0m[31merror[0m] [0m[0m      Ok(Json.toJson(suppliers))[0m
[0m[[0m[31merror[0m] [0m[0m                    ^[0m
[0m[[0m[31merror[0m] [0m[0m/var/www/html/ai-project/play-angular-scala/app/controllers/SupplierController.scala:31:44: No Json serializer found for type models.dto.SupplierResponse. Try to implement an implicit Writes or Format for this type.[0m
[0m[[0m[31merror[0m] [0m[0m      case Some(supplier) => Ok(Json.toJson(supplier))[0m
[0m[[0m[31merror[0m] [0m[0m                                           ^[0m
[0m[[0m[31merror[0m] [0m[0m/var/www/html/ai-project/play-angular-scala/app/controllers/SupplierController.scala:41:21: No Json serializer found for type Seq[models.dto.SupplierResponse]. Try to implement an implicit Writes or Format for this type.[0m
[0m[[0m[31merror[0m] [0m[0m      Ok(Json.toJson(suppliers))[0m
[0m[[0m[31merror[0m] [0m[0m                    ^[0m
[0m[[0m[31merror[0m] [0m[0m/var/www/html/ai-project/play-angular-scala/app/controllers/SupplierController.scala:52:26: No Json deserializer found for type models.dto.SupplierCreateRequest. Try to implement an implicit Reads or Format for this type.[0m
[0m[[0m[31merror[0m] [0m[0m    request.body.validate[SupplierCreateRequest] match {[0m
[0m[[0m[31merror[0m] [0m[0m                         ^[0m
[0m[[0m[31merror[0m] [0m[0m/var/www/html/ai-project/play-angular-scala/app/controllers/SupplierController.scala:54:32: type mismatch;[0m
[0m[[0m[31merror[0m] [0m[0m found   : Any[0m
[0m[[0m[31merror[0m] [0m[0m required: models.dto.SupplierCreateRequest[0m
[0m[[0m[31merror[0m] [0m[0m        supplierService.create(createRequest).map {[0m
[0m[[0m[31merror[0m] [0m[0m                               ^[0m
[0m[[0m[31merror[0m] [0m[0m/var/www/html/ai-project/play-angular-scala/app/controllers/SupplierController.scala:55:54: diverging implicit expansion for type play.api.libs.json.Writes[Any][0m
[0m[[0m[31merror[0m] [0m[0mstarting with method Tuple22W in trait GeneratedWrites[0m
[0m[[0m[31merror[0m] [0m[0m          case Right(supplier) => Created(Json.toJson(supplier))[0m
[0m[[0m[31merror[0m] [0m[0m                                                     ^[0m
[0m[[0m[31merror[0m] [0m[0m/var/www/html/ai-project/play-angular-scala/app/controllers/SupplierController.scala:56:62: diverging implicit expansion for type play.api.libs.json.Writes[T1][0m
[0m[[0m[31merror[0m] [0m[0mstarting with method Tuple22W in trait GeneratedWrites[0m
[0m[[0m[31merror[0m] [0m[0m          case Left(error) => BadRequest(Json.obj("error" -> error))[0m
[0m[[0m[31merror[0m] [0m[0m                                                             ^[0m
[0m[[0m[31merror[0m] [0m[0m/var/www/html/ai-project/play-angular-scala/app/controllers/SupplierController.scala:64:26: No Json deserializer found for type models.dto.SupplierUpdateRequest. Try to implement an implicit Reads or Format for this type.[0m
[0m[[0m[31merror[0m] [0m[0m    request.body.validate[SupplierUpdateRequest] match {[0m
[0m[[0m[31merror[0m] [0m[0m                         ^[0m
[0m[[0m[31merror[0m] [0m[0m/var/www/html/ai-project/play-angular-scala/app/controllers/SupplierController.scala:66:36: type mismatch;[0m
[0m[[0m[31merror[0m] [0m[0m found   : Any[0m
[0m[[0m[31merror[0m] [0m[0m required: models.dto.SupplierUpdateRequest[0m
[0m[[0m[31merror[0m] [0m[0m        supplierService.update(id, updateRequest).map {[0m
[0m[[0m[31merror[0m] [0m[0m                                   ^[0m
[0m[[0m[31merror[0m] [0m[0m/var/www/html/ai-project/play-angular-scala/app/controllers/SupplierController.scala:67:49: diverging implicit expansion for type play.api.libs.json.Writes[Any][0m
[0m[[0m[31merror[0m] [0m[0mstarting with method Tuple22W in trait GeneratedWrites[0m
[0m[[0m[31merror[0m] [0m[0m          case Right(supplier) => Ok(Json.toJson(supplier))[0m
[0m[[0m[31merror[0m] [0m[0m                                                ^[0m
[0m[[0m[31merror[0m] [0m[0m/var/www/html/ai-project/play-angular-scala/app/controllers/SupplierController.scala:69:77: diverging implicit expansion for type play.api.libs.json.Writes[T1][0m
[0m[[0m[31merror[0m] [0m[0mstarting with method Tuple22W in trait GeneratedWrites[0m
[0m[[0m[31merror[0m] [0m[0m            if (error == "Supplier not found") NotFound(Json.obj("error" -> error))[0m
[0m[[0m[31merror[0m] [0m[0m                                                                            ^[0m
[0m[[0m[31merror[0m] [0m[0m/var/www/html/ai-project/play-angular-scala/app/controllers/SupplierController.scala:70:49: diverging implicit expansion for type play.api.libs.json.Writes[T1][0m
[0m[[0m[31merror[0m] [0m[0mstarting with method Tuple22W in trait GeneratedWrites[0m
[0m[[0m[31merror[0m] [0m[0m            else BadRequest(Json.obj("error" -> error))[0m
[0m[[0m[31merror[0m] [0m[0m                                                ^[0m
[0m[[0m[31merror[0m] [0m[0m/var/www/html/ai-project/play-angular-scala/app/controllers/UserController.scala:25:21: No Json serializer found for type Seq[models.dto.UserResponse]. Try to implement an implicit Writes or Format for this type.[0m
[0m[[0m[31merror[0m] [0m[0m      Ok(Json.toJson(users))[0m
[0m[[0m[31merror[0m] [0m[0m                    ^[0m
[0m[[0m[31merror[0m] [0m[0m/var/www/html/ai-project/play-angular-scala/app/controllers/UserController.scala:31:40: No Json serializer found for type models.dto.UserResponse. Try to implement an implicit Writes or Format for this type.[0m
[0m[[0m[31merror[0m] [0m[0m      case Some(user) => Ok(Json.toJson(user))[0m
[0m[[0m[31merror[0m] [0m[0m                                       ^[0m
[0m[[0m[31merror[0m] [0m[0m/var/www/html/ai-project/play-angular-scala/app/controllers/UserController.scala:38:21: No Json serializer found for type Seq[models.dto.UserResponse]. Try to implement an implicit Writes or Format for this type.[0m
[0m[[0m[31merror[0m] [0m[0m      Ok(Json.toJson(users))[0m
[0m[[0m[31merror[0m] [0m[0m                    ^[0m
[0m[[0m[31merror[0m] [0m[0m/var/www/html/ai-project/play-angular-scala/app/controllers/UserController.scala:47:21: No Json serializer found for type Seq[models.dto.UserResponse]. Try to implement an implicit Writes or Format for this type.[0m
[0m[[0m[31merror[0m] [0m[0m      Ok(Json.toJson(users))[0m
[0m[[0m[31merror[0m] [0m[0m                    ^[0m
[0m[[0m[31merror[0m] [0m[0m/var/www/html/ai-project/play-angular-scala/app/security/AuthAction.scala:5:8: object JWTUtil is not a member of package utils[0m
[0m[[0m[31merror[0m] [0m[0mimport utils.{JWTUtil, JWTPayload}[0m
[0m[[0m[31merror[0m] [0m[0m       ^[0m
[0m[[0m[31merror[0m] [0m[0m/var/www/html/ai-project/play-angular-scala/app/security/AuthAction.scala:11:45: not found: type JWTPayload[0m
[0m[[0m[31merror[0m] [0m[0mcase class AuthenticatedRequest[A](payload: JWTPayload, request: Request[A]) extends WrappedRequest[A](request)[0m
[0m[[0m[31merror[0m] [0m[0m                                            ^[0m
[0m[[0m[31merror[0m] [0m[0m/var/www/html/ai-project/play-angular-scala/app/controllers/UserController.scala:59:40: No Json serializer found for type models.dto.UserResponse. Try to implement an implicit Writes or Format for this type.[0m
[0m[[0m[31merror[0m] [0m[0m      case Some(user) => Ok(Json.toJson(user))[0m
[0m[[0m[31merror[0m] [0m[0m                                       ^[0m
[0m[[0m[31merror[0m] [0m[0m/var/www/html/ai-project/play-angular-scala/app/controllers/UserController.scala:65:26: No Json deserializer found for type models.dto.UserCreateRequest. Try to implement an implicit Reads or Format for this type.[0m
[0m[[0m[31merror[0m] [0m[0m    request.body.validate[UserCreateRequest] match {[0m
[0m[[0m[31merror[0m] [0m[0m                         ^[0m
[0m[[0m[31merror[0m] [0m[0m/var/www/html/ai-project/play-angular-scala/app/controllers/UserController.scala:67:28: type mismatch;[0m
[0m[[0m[31merror[0m] [0m[0m found   : Any[0m
[0m[[0m[31merror[0m] [0m[0m required: models.dto.UserCreateRequest[0m
[0m[[0m[31merror[0m] [0m[0m        userService.create(createRequest).map {[0m
[0m[[0m[31merror[0m] [0m[0m                           ^[0m
[0m[[0m[31merror[0m] [0m[0m/var/www/html/ai-project/play-angular-scala/app/controllers/UserController.scala:68:50: diverging implicit expansion for type play.api.libs.json.Writes[Any][0m
[0m[[0m[31merror[0m] [0m[0mstarting with method Tuple22W in trait GeneratedWrites[0m
[0m[[0m[31merror[0m] [0m[0m          case Right(user) => Created(Json.toJson(user))[0m
[0m[[0m[31merror[0m] [0m[0m                                                 ^[0m
[0m[[0m[31merror[0m] [0m[0m/var/www/html/ai-project/play-angular-scala/app/controllers/UserController.scala:69:62: diverging implicit expansion for type play.api.libs.json.Writes[T1][0m
[0m[[0m[31merror[0m] [0m[0mstarting with method Tuple22W in trait GeneratedWrites[0m
[0m[[0m[31merror[0m] [0m[0m          case Left(error) => BadRequest(Json.obj("error" -> error))[0m
[0m[[0m[31merror[0m] [0m[0m                                                             ^[0m
[0m[[0m[31merror[0m] [0m[0m/var/www/html/ai-project/play-angular-scala/app/controllers/UserController.scala:77:26: No Json deserializer found for type models.dto.UserUpdateRequest. Try to implement an implicit Reads or Format for this type.[0m
[0m[[0m[31merror[0m] [0m[0m    request.body.validate[UserUpdateRequest] match {[0m
[0m[[0m[31merror[0m] [0m[0m                         ^[0m
[0m[[0m[31merror[0m] [0m[0m/var/www/html/ai-project/play-angular-scala/app/controllers/UserController.scala:79:32: type mismatch;[0m
[0m[[0m[31merror[0m] [0m[0m found   : Any[0m
[0m[[0m[31merror[0m] [0m[0m required: models.dto.UserUpdateRequest[0m
[0m[[0m[31merror[0m] [0m[0m        userService.update(id, updateRequest).map {[0m
[0m[[0m[31merror[0m] [0m[0m                               ^[0m
[0m[[0m[31merror[0m] [0m[0m/var/www/html/ai-project/play-angular-scala/app/controllers/UserController.scala:80:45: diverging implicit expansion for type play.api.libs.json.Writes[Any][0m
[0m[[0m[31merror[0m] [0m[0mstarting with method Tuple22W in trait GeneratedWrites[0m
[0m[[0m[31merror[0m] [0m[0m          case Right(user) => Ok(Json.toJson(user))[0m
[0m[[0m[31merror[0m] [0m[0m                                            ^[0m
[0m[[0m[31merror[0m] [0m[0m/var/www/html/ai-project/play-angular-scala/app/controllers/UserController.scala:82:73: diverging implicit expansion for type play.api.libs.json.Writes[T1][0m
[0m[[0m[31merror[0m] [0m[0mstarting with method Tuple22W in trait GeneratedWrites[0m
[0m[[0m[31merror[0m] [0m[0m            if (error == "User not found") NotFound(Json.obj("error" -> error))[0m
[0m[[0m[31merror[0m] [0m[0m                                                                        ^[0m
[0m[[0m[31merror[0m] [0m[0m/var/www/html/ai-project/play-angular-scala/app/controllers/UserController.scala:83:49: diverging implicit expansion for type play.api.libs.json.Writes[T1][0m
[0m[[0m[31merror[0m] [0m[0mstarting with method Tuple22W in trait GeneratedWrites[0m
[0m[[0m[31merror[0m] [0m[0m            else BadRequest(Json.obj("error" -> error))[0m
[0m[[0m[31merror[0m] [0m[0m                                                ^[0m
[0m[[0m[33mwarn[0m] [0m[0m/var/www/html/ai-project/play-angular-scala/app/models/User.scala:21:16: Implicit definition should have explicit type (inferred slick.jdbc.MySQLProfile.BaseColumnType[models.UserRole.UserRole]) [quickfixable][0m
[0m[[0m[33mwarn[0m] [0m[0m  implicit val userRoleMapper = MappedColumnType.base[UserRole.UserRole, String]([0m
[0m[[0m[33mwarn[0m] [0m[0m               ^[0m
[0m[[0m[31merror[0m] [0m[0m/var/www/html/ai-project/play-angular-scala/app/repositories/UserRepository.scala:28:32: value === is not a member of slick.lifted.Rep[models.UserRole.UserRole][0m
[0m[[0m[31merror[0m] [0m[0m    db.run(users.filter(_.role === role).result)[0m
[0m[[0m[31merror[0m] [0m[0m                               ^[0m
[0m[[0m[31merror[0m] [0m[0m/var/www/html/ai-project/play-angular-scala/app/repositories/UserRepository.scala:28:24: ambiguous implicit values:[0m
[0m[[0m[31merror[0m] [0m[0m both value BooleanColumnCanBeQueryCondition in object CanBeQueryCondition of type slick.lifted.CanBeQueryCondition[slick.lifted.Rep[Boolean]][0m
[0m[[0m[31merror[0m] [0m[0m and value BooleanOptionColumnCanBeQueryCondition in object CanBeQueryCondition of type slick.lifted.CanBeQueryCondition[slick.lifted.Rep[Option[Boolean]]][0m
[0m[[0m[31merror[0m] [0m[0m match expected type slick.lifted.CanBeQueryCondition[Nothing][0m
[0m[[0m[31merror[0m] [0m[0m    db.run(users.filter(_.role === role).result)[0m
[0m[[0m[31merror[0m] [0m[0m                       ^[0m
[0m[[0m[31merror[0m] [0m[0m/var/www/html/ai-project/play-angular-scala/app/security/AuthAction.scala:15:12: not found: type JWTUtil[0m
[0m[[0m[31merror[0m] [0m[0m  jwtUtil: JWTUtil,[0m
[0m[[0m[31merror[0m] [0m[0m           ^[0m
[0m[[0m[31merror[0m] [0m[0m/var/www/html/ai-project/play-angular-scala/app/services/CategoryService.scala:5:8: object CategoryRepository is not a member of package repositories[0m
[0m[[0m[31merror[0m] [0m[0mimport repositories.CategoryRepository[0m
[0m[[0m[31merror[0m] [0m[0m       ^[0m
[0m[[0m[31merror[0m] [0m[0m/var/www/html/ai-project/play-angular-scala/app/services/CategoryService.scala:11:23: not found: type CategoryRepository[0m
[0m[[0m[31merror[0m] [0m[0m  categoryRepository: CategoryRepository[0m
[0m[[0m[31merror[0m] [0m[0m                      ^[0m
[0m[[0m[31merror[0m] [0m[0m/var/www/html/ai-project/play-angular-scala/conf/routes:47:1: No QueryString binder found for type BigDecimal. Try to implement an implicit QueryStringBindable for this type.[0m
[0m[[0m[31merror[0m] [0m[0mGET     /api/products/price-range          controllers.ProductController.filterByPriceRange(minPrice: BigDecimal, maxPrice: BigDecimal, limit: Option[Int] ?= None, offset: Option[Int] ?= None)[0m
[0m[[0m[31merror[0m] [0m[0m/var/www/html/ai-project/play-angular-scala/conf/routes:47:1: No QueryString binder found for type BigDecimal. Try to implement an implicit QueryStringBindable for this type.[0m
[0m[[0m[31merror[0m] [0m[0mGET     /api/products/price-range          controllers.ProductController.filterByPriceRange(minPrice: BigDecimal, maxPrice: BigDecimal, limit: Option[Int] ?= None, offset: Option[Int] ?= None)[0m
[0m[[0m[31merror[0m] [0m[0m/var/www/html/ai-project/play-angular-scala/conf/routes:47:1: No QueryString binder found for type BigDecimal. Try to implement an implicit QueryStringBindable for this type.[0m
[0m[[0m[31merror[0m] [0m[0mGET     /api/products/price-range          controllers.ProductController.filterByPriceRange(minPrice: BigDecimal, maxPrice: BigDecimal, limit: Option[Int] ?= None, offset: Option[Int] ?= None)[0m
[0m[[0m[31merror[0m] [0m[0m/var/www/html/ai-project/play-angular-scala/conf/routes:7:1: type AuthController is not a member of package controllers[0m
[0m[[0m[31merror[0m] [0m[0mPOST    /api/auth/login                    controllers.AuthController.login()[0m
[0m[[0m[31merror[0m] [0m[0m/var/www/html/ai-project/play-angular-scala/conf/routes:7:1: type AuthController is not a member of package controllers[0m
[0m[[0m[31merror[0m] [0m[0mPOST    /api/auth/login                    controllers.AuthController.login()[0m
[0m[[0m[31merror[0m] [0m[0m/var/www/html/ai-project/play-angular-scala/conf/routes:47:1: No QueryString binder found for type BigDecimal. Try to implement an implicit QueryStringBindable for this type.[0m
[0m[[0m[31merror[0m] [0m[0mGET     /api/products/price-range          controllers.ProductController.filterByPriceRange(minPrice: BigDecimal, maxPrice: BigDecimal, limit: Option[Int] ?= None, offset: Option[Int] ?= None)[0m
[0m[[0m[33mwarn[0m] [0m[0mone warning found[0m
[0m[[0m[31merror[0m] [0m[0m76 errors found[0m
[0m[[0m[31merror[0m] [0m[0m(Compile / [31mcompileIncremental[0m) Compilation failed[0m
[0m[[0m[0mdebug[0m] [0m[0mRunning task... Cancel: Signal, check cycles: false, forcegc: true[0m
[0m[[0m[0mdebug[0m] [0m[0mRunning task... Cancel: Signal, check cycles: false, forcegc: true[0m
